<?xml version="1.0" encoding="UTF-8"?>
<testsuite xmlns:xsi="http://www.w3.org/2001/XMLSchema-instance" xsi:noNamespaceSchemaLocation="https://maven.apache.org/surefire/maven-surefire-plugin/xsd/surefire-test-report.xsd" version="3.0.2" name="com.trading.realtime.RealtimeMarketApplicationTests" time="6.084" tests="1" errors="0" skipped="0" failures="0">
  <properties>
[...]
</properties>
  <testcase name="contextLoads" classname="com.trading.realtime.RealtimeMarketApplicationTests" time="0.977">
    <system-out><![CDATA[23:10:28.431 [main] INFO org.springframework.test.context.support.AnnotationConfigContextLoaderUtils -- Could not detect default configuration classes for test class [com.trading.realtime.RealtimeMarketApplicationTests]: RealtimeMarketApplicationTests does not declare any static, non-private, non-final, nested classes annotated with @Configuration.
23:10:28.520 [main] INFO org.springframework.boot.test.context.SpringBootTestContextBootstrapper -- Found @SpringBootConfiguration com.trading.realtime.RealtimeMarketApplication for test class com.trading.realtime.RealtimeMarketApplicationTests

  .   ____          _            __ _ _
 /\\ / ___'_ __ _ _(_)_ __  __ _ \ \ \ \
( ( )\___ | '_ | '_| | '_ \/ _` | \ \ \ \
 \\/  ___)| |_)| | | | | || (_| |  ) ) ) )
  '  |____| .__|_| |_|_| |_\__, | / / / /
 =========|_|==============|___/=/_/_/_/

 :: Spring Boot ::                (v3.4.5)

2026-09-14 23:10:28.952 [main] INFO  c.t.r.RealtimeMarketApplicationTests - Starting RealtimeMarketApplicationTests using Java 21.0.11 with PID 15572 (started by Pham Hung in D:\KLTN\trading-backtest-engine\backend\realtime-service)
2026-09-14 23:10:28.953 [main] DEBUG c.t.r.RealtimeMarketApplicationTests - Running with Spring Boot v3.4.5, Spring v6.2.6
2026-09-14 23:10:28.953 [main] INFO  c.t.r.RealtimeMarketApplicationTests - No active profile set, falling back to 1 default profile: "default"
2026-09-14 23:10:29.810 [main] INFO  c.t.r.client.rest.BinanceRestClient - Binance REST client initialized with base URL: https://api.binance.com
2026-09-14 23:10:29.830 [main] INFO  c.t.r.c.w.BinanceWebSocketManager - Binance WebSocket Manager initialized
2026-09-14 23:10:29.924 [main] INFO  c.t.realtime.config.WebSocketConfig - WebSocket message broker configured with /topic and /queue prefixes
2026-09-14 23:10:29.947 [main] INFO  c.t.r.s.impl.MarketDataServiceImpl - Initializing MarketDataService...
2026-09-14 23:10:29.947 [main] INFO  c.t.r.s.impl.MarketDataServiceImpl - Loading exchange info from Binance...
2026-09-14 23:10:29.947 [main] DEBUG c.t.r.client.rest.BinanceRestClient - Fetching exchange info from Binance
2026-09-14 23:10:31.493 [main] INFO  c.t.r.client.rest.BinanceRestClient - Fetched exchange info successfully
2026-09-14 23:10:31.502 [main] INFO  c.t.r.s.impl.MarketDataServiceImpl - Loaded 1366 trading symbols
2026-09-14 23:10:31.504 [main] INFO  c.t.r.s.impl.MarketDataServiceImpl - Loading 24hr tickers from Binance...
2026-09-14 23:10:31.504 [main] DEBUG c.t.r.client.rest.BinanceRestClient - Fetching 24hr ticker for all symbols
2026-09-14 23:10:32.181 [main] INFO  c.t.r.client.rest.BinanceRestClient - Fetched 3702 tickers successfully
2026-09-14 23:10:32.193 [main] DEBUG c.t.realtime.cache.WatchlistCache - Updated 3702 tickers in watchlist cache
2026-09-14 23:10:32.193 [main] INFO  c.t.r.s.impl.MarketDataServiceImpl - Loaded 3702 tickers
2026-09-14 23:10:32.193 [main] INFO  c.t.r.s.impl.MarketDataServiceImpl - Starting ticker WebSocket stream...
2026-09-14 23:10:32.193 [main] INFO  c.t.r.c.w.BinanceWebSocketManager - Starting ticker stream: wss://stream.binance.com:9443/ws/!ticker@arr
2026-09-14 23:10:32.241 [main] INFO  c.t.r.s.impl.MarketDataServiceImpl - MarketDataService initialized successfully
2026-09-14 23:10:32.287 [main] INFO  c.t.realtime.config.WebSocketConfig - WebSocket STOMP endpoint registered: /ws/market
2026-09-14 23:10:32.743 [SimpleAsyncTaskExecutor-1] INFO  c.t.r.c.w.BinanceWebSocketManager - WebSocket connected: !ticker@arr - Session ID: 445e6e6f-d8b7-ee40-9996-80dafc42aa36
2026-09-14 23:10:32.745 [SimpleAsyncTaskExecutor-1] INFO  c.t.r.s.impl.MarketDataServiceImpl - Connected to Binance WebSocket
2026-09-14 23:10:33.348 [main] INFO  o.s.m.s.b.SimpleBrokerMessageHandler - Starting...
2026-09-14 23:10:33.349 [main] INFO  o.s.m.s.b.SimpleBrokerMessageHandler - BrokerAvailabilityEvent[available=true, SimpleBrokerMessageHandler [org.springframework.messaging.simp.broker.DefaultSubscriptionRegistry@6f240187]]
2026-09-14 23:10:33.351 [main] INFO  o.s.m.s.b.SimpleBrokerMessageHandler - Started.
2026-09-14 23:10:33.368 [main] INFO  c.t.r.RealtimeMarketApplicationTests - Started RealtimeMarketApplicationTests in 4.696 seconds (process running for 5.521)
2026-09-14 23:10:33.382 [MessageBroker-2] DEBUG c.t.r.s.ChartCleanupScheduler - Running chart subscription cleanup...
2026-09-14 23:10:33.385 [MessageBroker-3] INFO  c.t.r.s.ChartCleanupScheduler - WebSocket status - Ticker stream active: true, Kline streams: 0, Chart subscriptions: 0
2026-09-14 23:10:33.634 [WebSocketClient-SecureIO-1] INFO  c.t.r.c.w.BinanceWebSocketManager - WebSocket closed: !ticker@arr - Status: 1008 - Reason: CloseStatus[code=1008, reason=Invalid request]
2026-09-14 23:10:33.636 [WebSocketClient-SecureIO-1] WARN  c.t.r.s.impl.MarketDataServiceImpl - Disconnected from Binance WebSocket - Code: 1008, Reason: CloseStatus[code=1008, reason=Invalid request]
]]></system-out>
    <system-err><![CDATA[Mockito is currently self-attaching to enable the inline-mock-maker. This will no longer work in future releases of the JDK. Please add Mockito as an agent to your build what is described in Mockito's documentation: https://javadoc.io/doc/org.mockito/mockito-core/latest/org/mockito/Mockito.html#0.3
WARNING: A Java agent has been loaded dynamically (C:\Users\Laptop K1\.m2\repository\net\bytebuddy\byte-buddy-agent\1.15.11\byte-buddy-agent-1.15.11.jar)
WARNING: If a serviceability tool is in use, please run with -XX:+EnableDynamicAgentLoading to hide this warning
WARNING: If a serviceability tool is not in use, please run with -Djdk.instrument.traceUsage for more information
WARNING: Dynamic loading of agents will be disallowed by default in a future release
]]></system-err>
  </testcase>
</testsuite>